[00:33:55] [Client thread/INFO]: Setting user: Player926
[00:33:57] [Client thread/INFO]: LWJGL Version: 2.9.1
[00:34:02] [Client thread/INFO]: Reloading ResourceManager: Default, FMLFileResourcePack:Forge Mod Loader, FMLFileResourcePack:Minecraft Forge, FMLFileResourcePack:partyapi
[00:34:02] [Sound Library Loader/INFO]: Starting up SoundSystem...
[00:34:02] [Thread-7/INFO]: Initializing LWJGL OpenAL
[00:34:02] [Thread-7/INFO]: (The LWJGL binding of OpenAL.  For more information, see http://www.lwjgl.org)
[00:34:03] [Thread-7/INFO]: OpenAL initialized.
[00:34:03] [Sound Library Loader/INFO]: Sound engine started
[00:34:06] [Client thread/INFO]: Created: 512x512 textures-atlas
[00:34:07] [Client thread/INFO]: Reloading ResourceManager: Default, FMLFileResourcePack:Forge Mod Loader, FMLFileResourcePack:Minecraft Forge, FMLFileResourcePack:partyapi
[00:34:07] [Client thread/INFO]: SoundSystem shutting down...
[00:34:07] [Client thread/WARN]: Author: Paul Lamb, www.paulscode.com
[00:34:07] [Sound Library Loader/INFO]: Starting up SoundSystem...
[00:34:07] [Thread-9/INFO]: Initializing LWJGL OpenAL
[00:34:07] [Thread-9/INFO]: (The LWJGL binding of OpenAL.  For more information, see http://www.lwjgl.org)
[00:34:07] [Thread-9/INFO]: OpenAL initialized.
[00:34:08] [Sound Library Loader/INFO]: Sound engine started
[00:34:10] [Client thread/INFO]: Created: 512x512 textures-atlas
[00:34:25] [Server thread/INFO]: Starting integrated minecraft server version 1.8
[00:34:25] [Server thread/INFO]: Generating keypair
[00:34:25] [Server thread/INFO]: Preparing start region for level 0
[00:34:26] [Server thread/INFO]: Changing view distance to 12, from 10
[00:34:26] [Server thread/INFO]: Player926[local:E:5f0c2ccf] logged in with entity id 145 at (382.9505892465257, 4.0, 748.1906696425718)
[00:34:26] [Server thread/INFO]: Player926 joined the game
[00:34:29] [Server thread/INFO]: Saving and pausing game...
[00:34:29] [Server thread/INFO]: Saving chunks for level 'New World'/Overworld
[00:34:29] [Server thread/INFO]: Saving chunks for level 'New World'/Nether
[00:34:29] [Server thread/INFO]: Saving chunks for level 'New World'/The End
[00:34:32] [Client thread/INFO]: Started on 64032
[00:34:32] [Client thread/INFO]: [CHAT] Local game hosted on port 64032
[00:34:36] [User Authenticator #1/INFO]: UUID of player burium is a2826f87-f46a-45c3-9d05-4e3e64f8098e
[00:34:37] [Server thread/INFO]: burium[/10.0.0.11:64066] logged in with entity id 22375 at (380.28044170463835, 6.0, 752.5571595814565)
[00:34:37] [Server thread/INFO]: burium joined the game
[00:34:37] [Client thread/INFO]: [CHAT] burium joined the game
[00:34:43] [Client thread/INFO]: [CHAT] You have been invited to join burium's party. Type /join to join their party!
[00:34:48] [Client thread/INFO]: [CHAT] burium has been invited to your group.
[00:34:54] [Client thread/INFO]: [CHAT] burium has joined the party.
[00:34:57] [Client thread/INFO]: [CHAT] burium has left the party.
[00:35:01] [Client thread/INFO]: [CHAT] Leader: Player926
[00:35:03] [Client thread/INFO]: [CHAT] Active Invites:
[00:35:08] [Client thread/INFO]: [CHAT] You have no pending requests!
[00:35:18] [Client thread/INFO]: [CHAT] You have been invited to join burium's party. Type /join to join their party!
[00:35:22] [Client thread/INFO]: [CHAT] You have joined burium's party!
[00:35:31] [Client thread/INFO]: [CHAT] Player926 is now the leader of the group.
[00:35:38] [Client thread/INFO]: [CHAT] You cannot promote yourself!
[00:35:41] [Client thread/INFO]: [CHAT] burium is now the leader of the group.
[00:36:01] [Client thread/INFO]: [CHAT] Player926: stuff
[00:36:09] [Server thread/INFO]: [CHAT] You have been removed from the party!
[00:36:15] [Client thread/INFO]: [CHAT] You have been invited to join burium's party. Type /join to join their party!
[00:36:21] [Client thread/INFO]: [CHAT] You have joined burium's party!
[00:37:02] [Client thread/INFO]: [CHAT] You need to be the leader to invite!
[00:37:11] [Client thread/INFO]: [CHAT] Player926: dudesweat
[00:37:17] [Client thread/INFO]: [CHAT] burium: eww gross
[00:38:13] [Server thread/INFO]: [burium: Given Absorption (ID 22) * 5 to burium for 30 seconds]
[00:38:13] [Client thread/INFO]: [CHAT] [burium: Given Absorption (ID 22) * 5 to burium for 30 seconds]
[00:38:16] [Server thread/INFO]: [burium: Given Absorption (ID 22) * 10 to burium for 30 seconds]
[00:38:16] [Client thread/INFO]: [CHAT] [burium: Given Absorption (ID 22) * 10 to burium for 30 seconds]
[00:38:20] [Server thread/INFO]: [burium: Given Absorption (ID 22) * 20 to burium for 30 seconds]
[00:38:20] [Client thread/INFO]: [CHAT] [burium: Given Absorption (ID 22) * 20 to burium for 30 seconds]
[00:38:24] [Server thread/INFO]: [burium: Given Absorption (ID 22) * 50 to burium for 30 seconds]
[00:38:24] [Client thread/INFO]: [CHAT] [burium: Given Absorption (ID 22) * 50 to burium for 30 seconds]
[00:39:17] [Server thread/INFO]: [burium: Teleported Player926 to burium]
[00:39:17] [Client thread/INFO]: [CHAT] [burium: Teleported Player926 to burium]
[00:42:02] [Server thread/INFO]: burium lost connection: TextComponent{text='Disconnected', siblings=[], style=Style{hasParent=false, color=null, bold=null, italic=null, underlined=null, obfuscated=null, clickEvent=null, hoverEvent=null, insertion=null}}
[00:42:02] [Server thread/INFO]: burium left the game
[00:42:02] [Client thread/INFO]: [CHAT] burium left the game
[00:42:09] [User Authenticator #2/INFO]: UUID of player burium is a2826f87-f46a-45c3-9d05-4e3e64f8098e
[00:42:09] [Server thread/INFO]: burium[/10.0.0.11:64069] logged in with entity id 3091884 at (170.57894982373912, 13.0, 800.2540402230616)
[00:42:09] [Server thread/INFO]: burium joined the game
[00:42:09] [Client thread/INFO]: [CHAT] burium joined the game
[00:42:14] [Client thread/INFO]: [CHAT] burium has been invited to your group.
[00:42:17] [Client thread/INFO]: [CHAT] burium has joined the party.
[00:43:22] [Server thread/INFO]: burium lost connection: TextComponent{text='Disconnected', siblings=[], style=Style{hasParent=false, color=null, bold=null, italic=null, underlined=null, obfuscated=null, clickEvent=null, hoverEvent=null, insertion=null}}
[00:43:22] [Server thread/INFO]: burium left the game
[00:43:22] [Client thread/INFO]: [CHAT] burium left the game
[00:43:24] [Client thread/INFO]: Stopping!
[00:43:24] [Client thread/INFO]: SoundSystem shutting down...
[00:43:24] [Server thread/INFO]: Stopping server
[00:43:24] [Server thread/INFO]: Saving players
[00:43:24] [Server thread/INFO]: Saving worlds
[00:43:24] [Server thread/INFO]: Saving chunks for level 'New World'/Overworld
[00:43:24] [Server thread/INFO]: Saving chunks for level 'New World'/Nether
[00:43:24] [Server thread/INFO]: Saving chunks for level 'New World'/The End
[00:43:24] [Client thread/WARN]: Author: Paul Lamb, www.paulscode.com
[00:43:24] [Client Shutdown Thread/INFO]: Stopping server
[00:43:24] [Client Shutdown Thread/INFO]: Saving players
[00:43:24] [Client Shutdown Thread/INFO]: Saving worlds
[00:43:24] [Client Shutdown Thread/INFO]: Saving chunks for level 'New World'/Overworld
