[00:33:53] [main/INFO]: Logging in with username & password
[00:33:58] [Client thread/INFO]: Setting user: burium
[00:34:00] [Client thread/INFO]: LWJGL Version: 2.9.1
[00:34:04] [Client thread/INFO]: Reloading ResourceManager: Default, FMLFileResourcePack:Forge Mod Loader, FMLFileResourcePack:Minecraft Forge, FMLFileResourcePack:partyapi
[00:34:04] [Sound Library Loader/INFO]: Starting up SoundSystem...
[00:34:05] [Thread-7/INFO]: Initializing LWJGL OpenAL
[00:34:05] [Thread-7/INFO]: (The LWJGL binding of OpenAL.  For more information, see http://www.lwjgl.org)
[00:34:05] [Thread-7/INFO]: OpenAL initialized.
[00:34:05] [Sound Library Loader/INFO]: Sound engine started
[00:34:08] [Client thread/INFO]: Created: 512x512 textures-atlas
[00:34:09] [Client thread/INFO]: Reloading ResourceManager: Default, FMLFileResourcePack:Forge Mod Loader, FMLFileResourcePack:Minecraft Forge, FMLFileResourcePack:partyapi
[00:34:09] [Client thread/INFO]: SoundSystem shutting down...
[00:34:09] [Client thread/WARN]: Author: Paul Lamb, www.paulscode.com
[00:34:09] [Sound Library Loader/INFO]: Starting up SoundSystem...
[00:34:09] [Thread-9/INFO]: Initializing LWJGL OpenAL
[00:34:09] [Thread-9/INFO]: (The LWJGL binding of OpenAL.  For more information, see http://www.lwjgl.org)
[00:34:09] [Thread-9/INFO]: OpenAL initialized.
[00:34:10] [Sound Library Loader/INFO]: Sound engine started
[00:34:12] [Client thread/INFO]: Created: 512x512 textures-atlas
[00:34:35] [Client thread/INFO]: Connecting to 10.0.0.11, 64032
[00:34:43] [Client thread/INFO]: [CHAT] player926 has been invited to your group.
[00:34:48] [Client thread/INFO]: [CHAT] You have been invited to join Player926's party. Type /join to join their party!
[00:34:54] [Client thread/INFO]: [CHAT] You have joined player926's party!
[00:34:57] [Client thread/INFO]: [CHAT] You left the party!
[00:35:18] [Client thread/INFO]: [CHAT] player926 has been invited to your group.
[00:35:22] [Client thread/INFO]: [CHAT] Player926 has joined the party.
[00:35:31] [Client thread/INFO]: [CHAT] Player926 is now the leader of the group.
[00:35:41] [Client thread/INFO]: [CHAT] burium is now the leader of the group.
[00:36:01] [Client thread/INFO]: [CHAT] Player926: stuff
[00:36:09] [Client thread/INFO]: [CHAT] Player926 has been removed from the party.
[00:36:15] [Client thread/INFO]: [CHAT] player926 has been invited to your group.
[00:36:21] [Client thread/INFO]: [CHAT] Player926 has joined the party.
[00:36:41] [Client thread/INFO]: [CHAT] Leader: burium
[00:36:41] [Client thread/INFO]: [CHAT] Player926
[00:37:11] [Client thread/INFO]: [CHAT] Player926: dudesweat
[00:37:17] [Client thread/INFO]: [CHAT] burium: eww gross
[00:38:13] [Client thread/INFO]: [CHAT] Given Absorption (ID 22) * 5 to burium for 30 seconds
[00:38:16] [Client thread/INFO]: [CHAT] Given Absorption (ID 22) * 10 to burium for 30 seconds
[00:38:20] [Client thread/INFO]: [CHAT] Given Absorption (ID 22) * 20 to burium for 30 seconds
[00:38:24] [Client thread/INFO]: [CHAT] Given Absorption (ID 22) * 50 to burium for 30 seconds
[00:39:17] [Client thread/INFO]: [CHAT] Teleported Player926 to burium
[00:40:31] [Client thread/INFO]: [CHAT] Leader: Player926
[00:40:36] [Client thread/INFO]: [CHAT] Leader: Player926
[00:40:46] [Client thread/INFO]: [CHAT] Leader: burium
[00:40:46] [Client thread/INFO]: [CHAT] Player926
[00:42:08] [Client thread/INFO]: Connecting to 10.0.0.11, 64032
[00:42:14] [Client thread/INFO]: [CHAT] You have been invited to join Player926's party. Type /join to join their party!
[00:42:17] [Client thread/INFO]: [CHAT] You have joined player926's party!
[00:42:21] [Client thread/INFO]: [CHAT] Leader: Player926
[00:42:21] [Client thread/INFO]: [CHAT] burium
[00:42:57] [Client thread/INFO]: [CHAT] Leader: Player926
[00:43:25] [Client thread/INFO]: Stopping!
[00:43:25] [Client thread/INFO]: SoundSystem shutting down...
[00:43:25] [Client thread/WARN]: Author: Paul Lamb, www.paulscode.com
